<?xml version="1.0" encoding="UTF-8"?>
<testsuite xmlns:xsi="http://www.w3.org/2001/XMLSchema-instance" xsi:noNamespaceSchemaLocation="https://maven.apache.org/surefire/maven-failsafe-plugin/xsd/failsafe-test-report.xsd" name="it.io.openliberty.sample.PropertiesEndpointIT" time="0.003" tests="1" errors="0" skipped="0" failures="1">
  <properties>
    <property name="awt.toolkit" value="sun.lwawt.macosx.LWCToolkit"/>
    <property name="java.specification.version" value="12"/>
    <property name="sun.jnu.encoding" value="UTF-8"/>
    <property name="java.class.path" value="/Users/rlange/Documents/randyl/vs-code-git/OpenLiberty-System-Microservice/target/test-classes:/Users/rlange/Documents/randyl/vs-code-git/OpenLiberty-System-Microservice/target/classes:"/>
    <property name="java.vm.vendor" value="Oracle Corporation"/>
    <property name="sun.arch.data.model" value="64"/>
    <property name="java.vendor.url" value="https://java.oracle.com/"/>
    <property name="os.name" value="Mac OS X"/>
    <property name="java.vm.specification.version" value="12"/>
    <property name="sun.java.launcher" value="SUN_STANDARD"/>
    <property name="user.country" value="US"/>
    <property name="context.root" value="/dev"/>
    <property name="sun.boot.library.path" value="/Library/Java/JavaVirtualMachines/jdk-12.0.2.jdk/Contents/Home/lib"/>
    <property name="sun.java.command" value="/Users/rlange/Documents/randyl/vs-code-git/OpenLiberty-System-Microservice/target/surefire/surefirebooter654101732102133479.jar /Users/rlange/Documents/randyl/vs-code-git/OpenLiberty-System-Microservice/target/surefire 2022-01-31T22-31-51_555-jvmRun1 surefire792397266998757999tmp surefire_05846493503675978084tmp"/>
    <property name="jdk.debug" value="release"/>
    <property name="http.port" value="9080"/>
    <property name="surefire.test.class.path" value="/Users/rlange/Documents/randyl/vs-code-git/OpenLiberty-System-Microservice/target/test-classes:/Users/rlange/Documents/randyl/vs-code-git/OpenLiberty-System-Microservice/target/classes:"/>
    <property name="sun.cpu.endian" value="little"/>
    <property name="user.home" value="/Users/rlange"/>
    <property name="user.language" value="en"/>
    <property name="java.specification.vendor" value="Oracle Corporation"/>
    <property name="java.version.date" value="2019-07-16"/>
    <property name="java.home" value="/Library/Java/JavaVirtualMachines/jdk-12.0.2.jdk/Contents/Home"/>
    <property name="file.separator" value="/"/>
    <property name="basedir" value="/Users/rlange/Documents/randyl/vs-code-git/OpenLiberty-System-Microservice"/>
    <property name="java.vm.compressedOopsMode" value="Zero based"/>
    <property name="line.separator" value="&#10;"/>
    <property name="java.specification.name" value="Java Platform API Specification"/>
    <property name="java.vm.specification.vendor" value="Oracle Corporation"/>
    <property name="wlp.user.dir" value="/Users/rlange/Documents/randyl/vs-code-git/OpenLiberty-System-Microservice/target/liberty/wlp/usr"/>
    <property name="java.awt.graphicsenv" value="sun.awt.CGraphicsEnvironment"/>
    <property name="surefire.real.class.path" value="/Users/rlange/Documents/randyl/vs-code-git/OpenLiberty-System-Microservice/target/surefire/surefirebooter654101732102133479.jar"/>
    <property name="sun.management.compiler" value="HotSpot 64-Bit Tiered Compilers"/>
    <property name="java.runtime.version" value="12.0.2+10"/>
    <property name="user.name" value="rlange"/>
    <property name="path.separator" value=":"/>
    <property name="os.version" value="10.16"/>
    <property name="java.runtime.name" value="Java(TM) SE Runtime Environment"/>
    <property name="file.encoding" value="UTF-8"/>
    <property name="java.vm.name" value="Java HotSpot(TM) 64-Bit Server VM"/>
    <property name="localRepository" value="/Users/rlange/.m2/repository"/>
    <property name="java.vendor.url.bug" value="https://bugreport.java.com/bugreport/"/>
    <property name="java.io.tmpdir" value="/var/folders/45/tb0b21t53cj7_n7_sqktmjbm0000gn/T/"/>
    <property name="java.version" value="12.0.2"/>
    <property name="user.dir" value="/Users/rlange/Documents/randyl/vs-code-git/OpenLiberty-System-Microservice"/>
    <property name="os.arch" value="x86_64"/>
    <property name="java.vm.specification.name" value="Java Virtual Machine Specification"/>
    <property name="java.library.path" value="/Users/rlange/Library/Java/Extensions:/Library/Java/Extensions:/Network/Library/Java/Extensions:/System/Library/Java/Extensions:/usr/lib/java:."/>
    <property name="java.vm.info" value="mixed mode, sharing"/>
    <property name="java.vendor" value="Oracle Corporation"/>
    <property name="java.vm.version" value="12.0.2+10"/>
    <property name="sun.io.unicode.encoding" value="UnicodeBig"/>
    <property name="java.class.version" value="56.0"/>
  </properties>
  <testcase name="it.io.openliberty.sample.PropertiesEndpointIT.testGetProperties" classname="it.io.openliberty.sample.PropertiesEndpointIT" time="0.001">
    <failure message="javax/ws/rs/client/ClientBuilder" type="java.lang.NoClassDefFoundError">java.lang.NoClassDefFoundError: javax/ws/rs/client/ClientBuilder
	at it.io.openliberty.sample.PropertiesEndpointIT.testGetProperties(PropertiesEndpointIT.java:37)
Caused by: java.lang.ClassNotFoundException: javax.ws.rs.client.ClientBuilder
	at java.base/jdk.internal.loader.BuiltinClassLoader.loadClass(BuiltinClassLoader.java:583)
	at java.base/jdk.internal.loader.ClassLoaders$AppClassLoader.loadClass(ClassLoaders.java:178)
	at java.base/java.lang.ClassLoader.loadClass(ClassLoader.java:521)
	... 14 more
</failure>
  </testcase>
</testsuite>